<?xml version="1.0" encoding="UTF-8"?>
<!-- Generated by org.testng.reporters.JUnitReportReporter -->
<testsuite hostname="Vaibhav" failures="0" tests="1" name="testCase.TC001_AccountRegistration" time="4.460" errors="0" timestamp="2024-12-15T13:48:40 IST" skipped="0">
  <testcase classname="testCase.TC001_AccountRegistration" name="accountRegistration" time="4.460"/>
</testsuite> <!-- testCase.TC001_AccountRegistration -->
