<?xml version="1.0" encoding="UTF-8"?>
<!-- Generated by org.testng.reporters.JUnitReportReporter -->
<testsuite hostname="Vaibhav" failures="0" tests="2" name="testCase.TC003_LogInTestDDT" time="14.717" errors="0" timestamp="2024-12-17T21:40:59 IST" skipped="0">
  <testcase classname="testCase.TC003_LogInTestDDT" name="LoginTestDDT" time="3.279"/>
  <testcase classname="testCase.TC003_LogInTestDDT" name="LoginTestDDT" time="11.438"/>
</testsuite> <!-- testCase.TC003_LogInTestDDT -->
