<?xml version="1.0" encoding="UTF-8"?>
<!-- Generated by org.testng.reporters.JUnitReportReporter -->
<testsuite hostname="Vaibhav" failures="0" tests="1" name="testCase.TC002_LogInTest" time="2.120" errors="0" timestamp="2024-12-15T13:53:50 IST" skipped="0">
  <testcase classname="testCase.TC002_LogInTest" name="logintest" time="2.120"/>
</testsuite> <!-- testCase.TC002_LogInTest -->
